Diagnose log at 2025-06-15T02:02:39Z

AppPath: /sbin/git-credential-manager
InstallDir: /usr/lib/share/git-credential-manager-bin/
Version: 2.6.1+786ab03440ddc82e807a97c0e540f5247e44cec6

------------
Diagnostic: Environment
Skipped: False
Success: True
Exception: None
Log:
OSType: Linux
OSVersion: Arch Linux
Reading environment variables... OK
 Variables:
KITTY_WINDOW_ID=1
MEMORY_PRESSURE_WRITE=c29tZSAyMDAwMDAgMjAwMDAwMAA=
WAYLAND_DISPLAY=wayland-1
MOTD_SHOWN=pam
PWD=/home/silas/Documents/Projects/Website/Cryaniptic.github.io
CSF_DrawPluginDefaults=/usr/share/opencascade/resources/DrawResources
XDG_SEAT=seat0
USER=silas
TERMINFO=/usr/lib/kitty/terminfo
MOZ_ENABLE_WAYLAND=1
CSF_StandardLiteDefaults=/usr/share/opencascade/resources/StdResource
XDG_SESSION_ID=c1
COLORTERM=truecolor
CSF_XSMessage=/usr/share/opencascade/resources/XSMessage
SHLVL=2
HL_INITIAL_WORKSPACE_TOKEN=06fc5be5-a597-462b-98f6-fa3b3f5f3605
DISPLAY=:0
CSF_XCAFDefaults=/usr/share/opencascade/resources/StdResource
CSF_XmlOcafResource=/usr/share/opencascade/resources/XmlOcafResource
XDG_RUNTIME_DIR=/run/user/1000
PATH=/home/silas/.cargo/bin:/sbin:/bin:/usr/local/sbin:/usr/local/bin:/usr/sbin:/usr/bin:/usr/bin/site_perl:/usr/bin/vendor_perl:/usr/bin/core_perl:/usr/lib/rustup/bin
XDG_SESSION_DESKTOP=Hyprland
XDG_VTNR=2
LANG=en_US.UTF-8
HOME=/home/silas
CSF_SHMessage=/usr/share/opencascade/resources/SHMessage
DRAWDEFAULT=/usr/share/opencascade/resources/DrawResources/DrawDefault
_JAVA_AWT_WM_NONREPARENTING=1
SYSTEMD_EXEC_PID=437
KITTY_INSTALLATION_DIR=/usr/lib/kitty
CSF_ShadersDirectory=/usr/share/opencascade/resources/Shaders
XDG_SESSION_CLASS=user
CASROOT=/usr
GIT_TRACE2_PARENT_SID=7a6808f0-5bba-4510-97ea-fb0837c285f4
DRAWHOME=/usr/share/opencascade/resources/DrawResources
KITTY_PID=1928
XDG_SESSION_TYPE=wayland
CSF_PluginDefaults=/usr/share/opencascade/resources/StdResource
CSF_STEPDefaults=/usr/share/opencascade/resources/XSTEPResource
XCURSOR_SIZE=2
INVOCATION_ID=f97f96abf6c349fcb0ef98788ccaf28e
CSF_LANGUAGE=us
MAIL=/var/spool/mail/silas
LOGNAME=silas
XDG_CURRENT_DESKTOP=Hyprland
CSF_EXCEPTION_PROMPT=1
CSF_MDTVTexturesDirectory=/usr/share/opencascade/resources/Textures
TERM=xterm-kitty
CSF_TObjMessage=/usr/share/opencascade/resources/TObj
CSF_OCCTResourcePath=/usr/share/opencascade/resources
DBUS_SESSION_BUS_ADDRESS=unix:path=/run/user/1000/bus
CSF_TObjDefaults=/usr/share/opencascade/resources/StdResource
MEMORY_PRESSURE_WATCH=/sys/fs/cgroup/system.slice/ly.service/memory.pressure
MMGT_CLEAR=1
HYPRLAND_CMD=Hyprland
CSF_IGESDefaults=/usr/share/opencascade/resources/XSTEPResource
HYPRLAND_INSTANCE_SIGNATURE=9958d297641b5c84dcff93f9039d80a5ad37ab00_1749952091_295474032
CSF_MIGRATION_TYPES=/usr/share/opencascade/resources/StdResource/MigrationSheet.txt
CSF_StandardDefaults=/usr/share/opencascade/resources/StdResource
DEBUGINFOD_URLS=https://debuginfod.archlinux.org 
SHELL=/bin/fish
KITTY_PUBLIC_KEY=1:f!Meh;_ft$_`WB3W~hJLo|f?XS)LvsvaHkW=&KzR
XDG_BACKEND=wayland


------------
Diagnostic: File system
Skipped: False
Success: True
Exception: None
Log:
Temporary directory is '/tmp/'...
Checking basic file I/O...
Writing to temporary file '/tmp/e9a94f4cac63c9690f69b3ba'... OK
Reading from temporary file '/tmp/e9a94f4cac63c9690f69b3ba'... OK
Deleting temporary file '/tmp/e9a94f4cac63c9690f69b3ba'... OK
Testing IFileSystem instance...
UserHomePath: /home/silas
UserDataDirectoryPath: /home/silas/.gcm
GetCurrentDirectory(): /home/silas/Documents/Projects/Website/Cryaniptic.github.io

------------
Diagnostic: Networking
Skipped: False
Success: True
Exception: None
Log:
Checking networking and HTTP stack...
Creating HTTP client... OK
IsNetworkAvailable: True
Sending HEAD request to http://example.com...Sending HEAD request to https://example.com... OK
 OK
Acquiring free TCP port... OK
Testing local HTTP loopback connections...
Creating new HTTP listener for http://localhost:40761/... OK
Waiting for loopback connection... OK
Writing response... OK
Waiting for response data... OK
Loopback connection data OK

------------
Diagnostic: Git
Skipped: False
Success: True
Exception: None
Log:
Getting Git version... OK
Git version is '2.49.0'
Locating current repository...Git repository at '/home/silas/Documents/Projects/Website/Cryaniptic.github.io/.git'
 OK
Listing all Git configuration... OK
Git configuration:
file:/home/silas/.gitconfig	credential.credentialstore=gpg
file:/home/silas/.gitconfig	user.name=silas
file:/home/silas/.gitconfig	user.email=silasbutler@gmail.com
file:.git/config	core.repositoryformatversion=0
file:.git/config	core.filemode=true
file:.git/config	core.bare=false
file:.git/config	core.logallrefupdates=true
file:.git/config	remote.origin.url=https://github.com/Cryaniptic/Cryaniptic.github.io
file:.git/config	remote.origin.fetch=+refs/heads/*:refs/remotes/origin/*
file:.git/config	branch.main.remote=origin
file:.git/config	branch.main.merge=refs/heads/main


------------
Diagnostic: Credential storage
Skipped: False
Success: True
Exception: None
Log:
ICredentialStore instance is of type: CredentialStore
Writing test credential... OK
Reading test credential... OK
Deleting test credential... OK

------------
Diagnostic: Microsoft authentication (AAD/MSA)
Skipped: False
Success: True
Exception: None
Log:
Broker is not enabled.
Flow type is: Auto
Gathering MSAL token cache data... OK
CacheDirectory: /home/silas/.local/.IdentityService
CacheFileName: msal.cache
CacheFilePath: /home/silas/.local/.IdentityService/msal.cache
KeyringCollection: 
KeyringSchemaName: 
KeyringSecretLabel: 
KeyringAttribute1: (,)
KeyringAttribute2: (,)
Creating cache helper... OK
Verifying MSAL token cache persistence... OK

------------
Diagnostic: GitHub API
Skipped: False
Success: True
Exception: None
Log:
Using 'https://github.com/' as API target.
Querying '/meta' endpoint... OK

